Arguments: 
  /home/elray/.nvm/versions/node/v14.15.0/bin/node /home/elray/.yarn/bin/yarn.js add @mui/icons-material

PATH: 
  /home/elray/.yarn/bin:/home/elray/.config/yarn/global/node_modules/.bin:/home/elray/.nvm/versions/node/v14.15.0/bin:/home/elray/.local/share/pnpm:/usr/local/sbin:/usr/local/bin:/usr/sbin:/usr/bin:/sbin:/bin:/usr/games:/usr/local/games:/usr/lib/wsl/lib:/mnt/c/Python312/Scripts/:/mnt/c/Python312/:/mnt/c/WINDOWS/system32:/mnt/c/WINDOWS:/mnt/c/WINDOWS/System32/Wbem:/mnt/c/WINDOWS/System32/WindowsPowerShell/v1.0/:/mnt/c/WINDOWS/System32/OpenSSH/:/mnt/c/Program Files (x86)/Microsoft SQL Server/130/Tools/Binn/:/mnt/c/Program Files/Microsoft SQL Server/130/Tools/Binn/:/mnt/c/Program Files (x86)/Microsoft SQL Server/130/DTS/Binn/:/mnt/c/Program Files/Microsoft SQL Server/130/DTS/Binn/:/mnt/c/Program Files/Microsoft SQL Server/Client SDK/ODBC/130/Tools/Binn/:/mnt/c/Program Files (x86)/Microsoft SQL Server/160/DTS/Binn/:/mnt/c/Program Files/Azure Data Studio/bin:/mnt/c/php:/mnt/c/Program Files/PowerShell/7-preview/preview:/mnt/c/Program Files/Git/cmd:/mnt/c/Program Files/Docker/Docker/resources/bin:/mnt/c/Program Files/PowerShell/7/:/mnt/c/Program Files/nodejs/:/mnt/c/ProgramData/chocolatey/bin:/mnt/c/Users/El Ray/AppData/Local/pnpm:/mnt/c/Users/El Ray/AppData/Local/Programs/Python/Python310:/mnt/c/Users/El Ray/AppData/Local/Programs/Python/Python310/Scripts:/mnt/c/Users/El Ray/AppData/Local/Microsoft/WindowsApps:/mnt/c/Program Files/Azure Data Studio/bin:/mnt/c/Users/El Ray/AppData/Local/Programs/Microsoft VS Code/bin:/mnt/c/Users/El Ray/AppData/Local/GitHubDesktop/bin:/mnt/c/SQLite/sqlite-tools-win-x64-3440200:/mnt/c/Program Files/MongoDB/Server/7.0/bin:/mnt/c/Program Files/MongoDB/mongosh-2.1.5-win32-x64/bin:/mnt/c/Users/El Ray/AppData/Roaming/npm:/snap/bin

Yarn version: 
  1.22.19

Node version: 
  14.15.0

Platform: 
  linux x64

Trace: 
  Error: connect EHOSTUNREACH 104.16.2.35:443
      at TCPConnectWrap.afterConnect [as oncomplete] (net.js:1146:16)

npm manifest: 
  {
    "name": "ciclismo",
    "version": "0.1.0",
    "private": true,
    "dependencies": {
      "@testing-library/jest-dom": "^5.17.0",
      "@testing-library/react": "^13.4.0",
      "@testing-library/user-event": "^13.5.0",
      "react": "^18.3.1",
      "react-dom": "^18.3.1",
      "react-scripts": "5.0.1",
      "web-vitals": "^2.1.4"
    },
    "scripts": {
      "start": "react-scripts start",
      "build": "react-scripts build",
      "test": "react-scripts test",
      "eject": "react-scripts eject"
    },
    "eslintConfig": {
      "extends": [
        "react-app",
        "react-app/jest"
      ]
    },
    "browserslist": {
      "production": [
        ">0.2%",
        "not dead",
        "not op_mini all"
      ],
      "development": [
        "last 1 chrome version",
        "last 1 firefox version",
        "last 1 safari version"
      ]
    }
  }

yarn manifest: 
  No manifest

Lockfile: 
  No lockfile
